d:\01.dev\2017\01.lvc\cps2010\cps_cpp\debug\cps_cpp.pdb
d:\01.dev\2017\01.lvc\cps2010\cps_cpp\debug\cps_cpp.idb
d:\01.dev\2017\01.lvc\cps2010\cps_cpp\debug\condition.obj
d:\01.dev\2017\01.lvc\cps2010\cps_cpp\debug\datareader.obj
d:\01.dev\2017\01.lvc\cps2010\cps_cpp\debug\datawriter.obj
d:\01.dev\2017\01.lvc\cps2010\cps_cpp\debug\domainparticipant.obj
d:\01.dev\2017\01.lvc\cps2010\cps_cpp\debug\domainparticipantfactory.obj
d:\01.dev\2017\01.lvc\cps2010\cps_cpp\debug\entity.obj
d:\01.dev\2017\01.lvc\cps2010\cps_cpp\debug\foo.obj
d:\01.dev\2017\01.lvc\cps2010\cps_cpp\debug\listener.obj
d:\01.dev\2017\01.lvc\cps2010\cps_cpp\debug\publisher.obj
d:\01.dev\2017\01.lvc\cps2010\cps_cpp\debug\subscriber.obj
d:\01.dev\2017\01.lvc\cps2010\cps_cpp\debug\topic.obj
d:\01.dev\2017\01.lvc\cps2010\cps_cpp\debug\waitset.obj
d:\01.dev\2017\01.lvc\cps2010\cps_cpp\debug\vc141.pdb
d:\01.dev\2017\01.lvc\cps2010\cps_cpp\debug\vc141.idb
d:\01.dev\2017\01.lvc\cps2010\cps_cpp\debug\test.obj
d:\01.dev\2017\01.lvc\cps2010\debug\cps_cpp.lib
d:\01.dev\2017\01.lvc\cps2010\debug\cps_cpp.exp
d:\01.dev\2017\01.lvc\cps2010\debug\cps_cpp.exe
d:\01.dev\2017\01.lvc\cps2010\debug\cps_cpp.ilk
d:\01.dev\2017\01.lvc\cps2010\debug\cps_cpp.pdb
d:\01.dev\2017\01.lvc\cps2010\cps_cpp\debug\cps_cpp.tlog\cl.command.1.tlog
d:\01.dev\2017\01.lvc\cps2010\cps_cpp\debug\cps_cpp.tlog\cl.read.1.tlog
d:\01.dev\2017\01.lvc\cps2010\cps_cpp\debug\cps_cpp.tlog\cl.write.1.tlog
d:\01.dev\2017\01.lvc\cps2010\cps_cpp\debug\cps_cpp.tlog\cps_cpp.write.1u.tlog
d:\01.dev\2017\01.lvc\cps2010\cps_cpp\debug\cps_cpp.tlog\lib-link.read.1.tlog
d:\01.dev\2017\01.lvc\cps2010\cps_cpp\debug\cps_cpp.tlog\lib-link.write.1.tlog
d:\01.dev\2017\01.lvc\cps2010\cps_cpp\debug\cps_cpp.tlog\lib.command.1.tlog
d:\01.dev\2017\01.lvc\cps2010\cps_cpp\debug\cps_cpp.tlog\link.command.1.tlog
d:\01.dev\2017\01.lvc\cps2010\cps_cpp\debug\cps_cpp.tlog\link.read.1.tlog
d:\01.dev\2017\01.lvc\cps2010\cps_cpp\debug\cps_cpp.tlog\link.write.1.tlog
