d:\01.dev\2017\01.lvc\cps2010\cps2010\debug\cps2010.pdb
d:\01.dev\2017\01.lvc\cps2010\cps2010\debug\cps2010.idb
d:\01.dev\2017\01.lvc\cps2010\cps2010\debug\rtps_topic.obj
d:\01.dev\2017\01.lvc\cps2010\cps2010\debug\rtps_util.obj
d:\01.dev\2017\01.lvc\cps2010\cps2010\debug\rtps_writer.obj
d:\01.dev\2017\01.lvc\cps2010\cps2010\debug\rtps_writerproxy.obj
d:\01.dev\2017\01.lvc\cps2010\cps2010\debug\service.obj
d:\01.dev\2017\01.lvc\cps2010\cps2010\debug\trace.obj
d:\01.dev\2017\01.lvc\cps2010\cps2010\debug\simpletypesupport.obj
d:\01.dev\2017\01.lvc\cps2010\cps2010\debug\typesupport.obj
d:\01.dev\2017\01.lvc\cps2010\cps2010\debug\configuration.obj
d:\01.dev\2017\01.lvc\cps2010\cps2010\debug\data_gueue.obj
d:\01.dev\2017\01.lvc\cps2010\cps2010\debug\file.obj
d:\01.dev\2017\01.lvc\cps2010\cps2010\debug\md5.obj
d:\01.dev\2017\01.lvc\cps2010\cps2010\debug\string.obj
d:\01.dev\2017\01.lvc\cps2010\cps2010\debug\thread.obj
d:\01.dev\2017\01.lvc\cps2010\cps2010\debug\time.obj
d:\01.dev\2017\01.lvc\cps2010\cps2010\debug\tracemalloc.obj
d:\01.dev\2017\01.lvc\cps2010\cps2010\debug\expression_parser.obj
d:\01.dev\2017\01.lvc\cps2010\cps2010\debug\network_common.obj
d:\01.dev\2017\01.lvc\cps2010\cps2010\debug\tcp.obj
d:\01.dev\2017\01.lvc\cps2010\cps2010\debug\udp.obj
d:\01.dev\2017\01.lvc\cps2010\cps2010\debug\sqlite3.obj
d:\01.dev\2017\01.lvc\cps2010\cps2010\debug\print_whs_rhs.obj
d:\01.dev\2017\01.lvc\cps2010\cps2010\debug\rtps.obj
d:\01.dev\2017\01.lvc\cps2010\cps2010\debug\rtps_cachechange.obj
d:\01.dev\2017\01.lvc\cps2010\cps2010\debug\rtps_data.obj
d:\01.dev\2017\01.lvc\cps2010\cps2010\debug\rtps_endpoint.obj
d:\01.dev\2017\01.lvc\cps2010\cps2010\debug\rtps_entity.obj
d:\01.dev\2017\01.lvc\cps2010\cps2010\debug\rtps_historycache.obj
d:\01.dev\2017\01.lvc\cps2010\cps2010\debug\rtps_messge_parser.obj
d:\01.dev\2017\01.lvc\cps2010\cps2010\debug\rtps_participant.obj
d:\01.dev\2017\01.lvc\cps2010\cps2010\debug\rtps_reader.obj
d:\01.dev\2017\01.lvc\cps2010\cps2010\debug\rtps_readerlocator.obj
d:\01.dev\2017\01.lvc\cps2010\cps2010\debug\rtps_readerproxy.obj
d:\01.dev\2017\01.lvc\cps2010\cps2010\debug\rtps_receive_procedure.obj
d:\01.dev\2017\01.lvc\cps2010\cps2010\debug\rtps_sendto.obj
d:\01.dev\2017\01.lvc\cps2010\cps2010\debug\rtps_serialized.obj
d:\01.dev\2017\01.lvc\cps2010\cps2010\debug\rtps_statefulreader.obj
d:\01.dev\2017\01.lvc\cps2010\cps2010\debug\rtps_statefulwriter.obj
d:\01.dev\2017\01.lvc\cps2010\cps2010\debug\rtps_statelessreader.obj
d:\01.dev\2017\01.lvc\cps2010\cps2010\debug\rtps_statelesswriter.obj
d:\01.dev\2017\01.lvc\cps2010\cps2010\debug\qos_deadline.obj
d:\01.dev\2017\01.lvc\cps2010\cps2010\debug\qos_destination_order.obj
d:\01.dev\2017\01.lvc\cps2010\cps2010\debug\qos_durability_service.obj
d:\01.dev\2017\01.lvc\cps2010\cps2010\debug\qos_entity_factory.obj
d:\01.dev\2017\01.lvc\cps2010\cps2010\debug\qos_find_entity_qos.obj
d:\01.dev\2017\01.lvc\cps2010\cps2010\debug\qos_group_data.obj
d:\01.dev\2017\01.lvc\cps2010\cps2010\debug\qos_history_and_reliability.obj
d:\01.dev\2017\01.lvc\cps2010\cps2010\debug\qos_lifespan.obj
d:\01.dev\2017\01.lvc\cps2010\cps2010\debug\qos_liveliness.obj
d:\01.dev\2017\01.lvc\cps2010\cps2010\debug\qos_ownership.obj
d:\01.dev\2017\01.lvc\cps2010\cps2010\debug\qos_partition.obj
d:\01.dev\2017\01.lvc\cps2010\cps2010\debug\qos_policy.obj
d:\01.dev\2017\01.lvc\cps2010\cps2010\debug\qos_presentation.obj
d:\01.dev\2017\01.lvc\cps2010\cps2010\debug\qos_reader_data_lifecycle.obj
d:\01.dev\2017\01.lvc\cps2010\cps2010\debug\qos_resource_limits.obj
d:\01.dev\2017\01.lvc\cps2010\cps2010\debug\qos_set_qos.obj
d:\01.dev\2017\01.lvc\cps2010\cps2010\debug\qos_time_based_filter.obj
d:\01.dev\2017\01.lvc\cps2010\cps2010\debug\qos_topic_data.obj
d:\01.dev\2017\01.lvc\cps2010\cps2010\debug\qos_user_data.obj
d:\01.dev\2017\01.lvc\cps2010\cps2010\debug\qos_writer_data_lifecycle.obj
d:\01.dev\2017\01.lvc\cps2010\cps2010\debug\waitset.obj
d:\01.dev\2017\01.lvc\cps2010\cps2010\debug\engine_datawriter.obj
d:\01.dev\2017\01.lvc\cps2010\cps2010\debug\message.obj
d:\01.dev\2017\01.lvc\cps2010\cps2010\debug\foo.obj
d:\01.dev\2017\01.lvc\cps2010\cps2010\debug\module.obj
d:\01.dev\2017\01.lvc\cps2010\cps2010\debug\discovery.obj
d:\01.dev\2017\01.lvc\cps2010\cps2010\debug\rtps_discovery.obj
d:\01.dev\2017\01.lvc\cps2010\cps2010\debug\rtps_period.obj
d:\01.dev\2017\01.lvc\cps2010\cps2010\debug\management.obj
d:\01.dev\2017\01.lvc\cps2010\cps2010\debug\simple_management_for_message.obj
d:\01.dev\2017\01.lvc\cps2010\cps2010\debug\monitoring.obj
d:\01.dev\2017\01.lvc\cps2010\cps2010\debug\monitoring_application.obj
d:\01.dev\2017\01.lvc\cps2010\cps2010\debug\monitoring_for_cps.obj
d:\01.dev\2017\01.lvc\cps2010\cps2010\debug\monitoring_module.obj
d:\01.dev\2017\01.lvc\cps2010\cps2010\debug\access.obj
d:\01.dev\2017\01.lvc\cps2010\cps2010\debug\access_config.obj
d:\01.dev\2017\01.lvc\cps2010\cps2010\debug\access_udp.obj
d:\01.dev\2017\01.lvc\cps2010\cps2010\debug\access_udp_out.obj
d:\01.dev\2017\01.lvc\cps2010\cps2010\debug\ipv4.obj
d:\01.dev\2017\01.lvc\cps2010\cps2010\debug\qos.obj
d:\01.dev\2017\01.lvc\cps2010\cps2010\debug\condition.obj
d:\01.dev\2017\01.lvc\cps2010\cps2010\debug\contentfilteredtopic.obj
d:\01.dev\2017\01.lvc\cps2010\cps2010\debug\datareader.obj
d:\01.dev\2017\01.lvc\cps2010\cps2010\debug\datawriter.obj
d:\01.dev\2017\01.lvc\cps2010\cps2010\debug\dcpsinstance.obj
d:\01.dev\2017\01.lvc\cps2010\cps2010\debug\domainparticipant.obj
d:\01.dev\2017\01.lvc\cps2010\cps2010\debug\domainparticipantfactory.obj
d:\01.dev\2017\01.lvc\cps2010\cps2010\debug\entity.obj
d:\01.dev\2017\01.lvc\cps2010\cps2010\debug\multitopic.obj
d:\01.dev\2017\01.lvc\cps2010\cps2010\debug\publisher.obj
d:\01.dev\2017\01.lvc\cps2010\cps2010\debug\querycondition.obj
d:\01.dev\2017\01.lvc\cps2010\cps2010\debug\readcondition.obj
d:\01.dev\2017\01.lvc\cps2010\cps2010\debug\status.obj
d:\01.dev\2017\01.lvc\cps2010\cps2010\debug\statuscondition.obj
d:\01.dev\2017\01.lvc\cps2010\cps2010\debug\subscriber.obj
d:\01.dev\2017\01.lvc\cps2010\cps2010\debug\topic.obj
d:\01.dev\2017\01.lvc\cps2010\cps2010\debug\topicdescription.obj
d:\01.dev\2017\01.lvc\cps2010\cps2010\debug\vc141.pdb
d:\01.dev\2017\01.lvc\cps2010\cps2010\debug\vc141.idb
d:\01.dev\2017\01.lvc\cps2010\cps2010\debug\simpletrace.obj
d:\01.dev\2017\01.lvc\cps2010\cps2010\debug\expression.tab.obj
d:\01.dev\2017\01.lvc\cps2010\cps2010\debug\test_kjh.obj
d:\01.dev\2017\01.lvc\cps2010\debug\cps2010.lib
d:\01.dev\2017\01.lvc\cps2010\debug\cps2010.exp
d:\01.dev\2017\01.lvc\cps2010\debug\cps2010.exe
d:\01.dev\2017\01.lvc\cps2010\debug\cps2010.ilk
d:\01.dev\2017\01.lvc\cps2010\debug\cps2010.pdb
d:\01.dev\2017\01.lvc\cps2010\cps2010\debug\cps2010.tlog\cl.command.1.tlog
d:\01.dev\2017\01.lvc\cps2010\cps2010\debug\cps2010.tlog\cl.read.1.tlog
d:\01.dev\2017\01.lvc\cps2010\cps2010\debug\cps2010.tlog\cl.write.1.tlog
d:\01.dev\2017\01.lvc\cps2010\cps2010\debug\cps2010.tlog\cps2010.write.1u.tlog
d:\01.dev\2017\01.lvc\cps2010\cps2010\debug\cps2010.tlog\lib-link.read.1.tlog
d:\01.dev\2017\01.lvc\cps2010\cps2010\debug\cps2010.tlog\lib-link.write.1.tlog
d:\01.dev\2017\01.lvc\cps2010\cps2010\debug\cps2010.tlog\lib.command.1.tlog
d:\01.dev\2017\01.lvc\cps2010\cps2010\debug\cps2010.tlog\link.command.1.tlog
d:\01.dev\2017\01.lvc\cps2010\cps2010\debug\cps2010.tlog\link.read.1.tlog
d:\01.dev\2017\01.lvc\cps2010\cps2010\debug\cps2010.tlog\link.write.1.tlog
